---------------------------------------
Resource Usage Report for Binary_Counter_Top 

Mapping to part: ice40hx1kvq100
Cell usage:
GND             2 uses
SB_CARRY        16 uses
SB_DFF          6 uses
SB_DFFSR        18 uses
SB_GB           1 use
VCC             2 uses
SB_LUT4         44 uses

I/O ports: 9
I/O primitives: 9
SB_GB_IO       1 use
SB_IO          8 uses

I/O Register bits:                  0
Register bits not including I/Os:   24 (1%)

@S |Mapping Summary:
Total  LUTs: 44 (3%)

Distribution of All Consumed LUTs = LUT4 
Distribution of All Consumed Luts 44 = 44 

