Running in Lattice mode


Starting:    C:\lscc\iCEcube2.2017.08\synpbase\bin64\mbin\synbatch.exe
Install:     C:\lscc\iCEcube2.2017.08\synpbase
Hostname:    RYZENBUILD
Date:        Sun Aug 09 19:56:19 2020
Version:     L-2016.09L+ice40

Arguments:   -product synplify_pro -batch counter_syn.prj
ProductType: synplify_pro





log file: "F:\go_board\projects\Binary_Counter_on_7_Segment\hdl\counter\counter_Implmnt\counter.srr"
Running: counter_Implmnt in foreground

Running counter_syn|counter_Implmnt

Running: compile (Compile) on counter_syn|counter_Implmnt
# Sun Aug 09 19:56:19 2020

Running: compile_flow (Compile Process) on counter_syn|counter_Implmnt
# Sun Aug 09 19:56:19 2020

Running: compiler (Compile Input) on counter_syn|counter_Implmnt
# Sun Aug 09 19:56:19 2020
Copied F:\go_board\projects\Binary_Counter_on_7_Segment\hdl\counter\counter_Implmnt\synwork\counter_comp.srs to F:\go_board\projects\Binary_Counter_on_7_Segment\hdl\counter\counter_Implmnt\counter.srs

compiler completed
# Sun Aug 09 19:56:21 2020

Return Code: 0
Run Time:00h:00m:02s

Running: multi_srs_gen (Multi-srs Generator) on counter_syn|counter_Implmnt
# Sun Aug 09 19:56:21 2020

multi_srs_gen completed
# Sun Aug 09 19:56:21 2020

Return Code: 0
Run Time:00h:00m:00s
Copied F:\go_board\projects\Binary_Counter_on_7_Segment\hdl\counter\counter_Implmnt\synwork\counter_mult.srs to F:\go_board\projects\Binary_Counter_on_7_Segment\hdl\counter\counter_Implmnt\counter.srs
Complete: Compile Process on counter_syn|counter_Implmnt

Running: premap (Pre-mapping) on counter_syn|counter_Implmnt
# Sun Aug 09 19:56:21 2020

premap completed
# Sun Aug 09 19:56:22 2020

Return Code: 0
Run Time:00h:00m:01s
Complete: Compile on counter_syn|counter_Implmnt

Running: map (Map) on counter_syn|counter_Implmnt
# Sun Aug 09 19:56:22 2020
License granted for 4 parallel jobs

Running: fpga_mapper (Map & Optimize) on counter_syn|counter_Implmnt
# Sun Aug 09 19:56:22 2020
Copied F:\go_board\projects\Binary_Counter_on_7_Segment\hdl\counter\counter_Implmnt\synwork\counter_m.srm to F:\go_board\projects\Binary_Counter_on_7_Segment\hdl\counter\counter_Implmnt\counter.srm

fpga_mapper completed with warnings
# Sun Aug 09 19:56:23 2020

Return Code: 1
Run Time:00h:00m:01s
Complete: Map on counter_syn|counter_Implmnt
Complete: Logic Synthesis on counter_syn|counter_Implmnt

exit status=0

exit status=0

